[debug] [2018-12-21T15:15:47.374Z] ----------------------------------------------------------------------
[debug] [2018-12-21T15:15:47.376Z] Command:       C:\bec\tools\node\node.exe C:\Users\wen\AppData\Roaming\npm\node_modules\firebase-tools\lib\bin\firebase.js serve
[debug] [2018-12-21T15:15:47.377Z] CLI Version:   6.2.0
[debug] [2018-12-21T15:15:47.377Z] Platform:      win32
[debug] [2018-12-21T15:15:47.377Z] Node Version:  v10.13.0
[debug] [2018-12-21T15:15:47.379Z] Time:          Fri Dec 21 2018 16:15:47 GMT+0100 (GMT+01:00)
[debug] [2018-12-21T15:15:47.379Z] ----------------------------------------------------------------------
[debug] 
[debug] [2018-12-21T15:15:47.393Z] > command requires scopes: ["email","openid","https://www.googleapis.com/auth/cloudplatformprojects.readonly","https://www.googleapis.com/auth/firebase","https://www.googleapis.com/auth/cloud-platform"]
[debug] [2018-12-21T15:15:47.393Z] > authorizing via signed-in user
[debug] [2018-12-21T15:15:47.393Z] [iam] checking project gameofherbs for permissions ["firebase.projects.get"]
[debug] [2018-12-21T15:15:47.396Z] >>> HTTP REQUEST POST https://cloudresourcemanager.googleapis.com/v1/projects/gameofherbs:testIamPermissions  

[debug] [2018-12-21T15:15:48.387Z] <<< HTTP RESPONSE 200
[debug] [2018-12-21T15:15:48.389Z] >>> HTTP REQUEST GET https://cloudresourcemanager.googleapis.com/v1/projects/gameofherbs  
 
[debug] [2018-12-21T15:15:49.358Z] <<< HTTP RESPONSE 200
[info] 
[info] === Serving from 'C:\Workspace\gameofherbs'...
[info] 
[info] i  functions: Preparing to emulate functions.
[debug] [2018-12-21T15:15:50.429Z] Fetching environment
[debug] [2018-12-21T15:15:50.433Z] >>> HTTP REQUEST GET https://mobilesdk-pa.googleapis.com/v1/projects/1079981353454:getServerAppConfig  
 
[debug] [2018-12-21T15:15:50.434Z] >>> HTTP REQUEST GET https://mobilesdk-pa.googleapis.com/v1/projects/1079981353454/clients/_:getWebAppConfig  
 
[debug] [2018-12-21T15:15:50.799Z] <<< HTTP RESPONSE 200
[info] i  hosting: Serving hosting files from: dist
[info] +  hosting: Local server: http://localhost:5000
[debug] [2018-12-21T15:15:50.931Z] <<< HTTP RESPONSE 200
[debug] [2018-12-21T15:15:50.931Z] Starting @google-cloud/functions-emulator
[debug] [2018-12-21T15:15:53.560Z] Parsing function triggers
[debug] [2018-12-21T15:15:54.105Z] Error while deploying to emulator: TypeError: Cannot read property 'call' of undefined
TypeError: Cannot read property 'call' of undefined
    at Promise (C:\Users\wen\AppData\Roaming\npm\node_modules\firebase-tools\node_modules\@google-cloud\functions-emulator\src\client\rest-client.js:34:42)
    at new Promise (<anonymous>)
    at getService.then (C:\Users\wen\AppData\Roaming\npm\node_modules\firebase-tools\node_modules\@google-cloud\functions-emulator\src\client\rest-client.js:33:16)
    at process._tickCallback (internal/process/next_tick.js:68:7)
[warn] !  functions: Failed to emulate helloWorld
[info] i  functions: No HTTPS functions found. Use firebase functions:shell if you would like to emulate other types of functions.
[info] Shutting down...
[debug] [2018-12-21T15:22:01.286Z] ----------------------------------------------------------------------
[debug] [2018-12-21T15:22:01.289Z] Command:       C:\bec\tools\node\node.exe C:\Users\wen\AppData\Roaming\npm\node_modules\firebase-tools\lib\bin\firebase.js serve
[debug] [2018-12-21T15:22:01.289Z] CLI Version:   6.2.0
[debug] [2018-12-21T15:22:01.289Z] Platform:      win32
[debug] [2018-12-21T15:22:01.289Z] Node Version:  v10.13.0
[debug] [2018-12-21T15:22:01.291Z] Time:          Fri Dec 21 2018 16:22:01 GMT+0100 (GMT+01:00)
[debug] [2018-12-21T15:22:01.291Z] ----------------------------------------------------------------------
[debug] 
[debug] [2018-12-21T15:22:01.303Z] > command requires scopes: ["email","openid","https://www.googleapis.com/auth/cloudplatformprojects.readonly","https://www.googleapis.com/auth/firebase","https://www.googleapis.com/auth/cloud-platform"]
[debug] [2018-12-21T15:22:01.304Z] > authorizing via signed-in user
[debug] [2018-12-21T15:22:01.304Z] [iam] checking project gameofherbs for permissions ["firebase.projects.get"]
[debug] [2018-12-21T15:22:01.307Z] >>> HTTP REQUEST POST https://cloudresourcemanager.googleapis.com/v1/projects/gameofherbs:testIamPermissions  

[debug] [2018-12-21T15:22:02.301Z] <<< HTTP RESPONSE 200
[debug] [2018-12-21T15:22:02.303Z] >>> HTTP REQUEST GET https://cloudresourcemanager.googleapis.com/v1/projects/gameofherbs  
 
[debug] [2018-12-21T15:22:03.265Z] <<< HTTP RESPONSE 200
[info] 
[info] === Serving from 'C:\Workspace\gameofherbs'...
[info] 
[info] i  functions: Preparing to emulate functions.
[debug] [2018-12-21T15:22:04.382Z] Fetching environment
[debug] [2018-12-21T15:22:04.386Z] >>> HTTP REQUEST GET https://mobilesdk-pa.googleapis.com/v1/projects/1079981353454:getServerAppConfig  
 
[debug] [2018-12-21T15:22:04.387Z] >>> HTTP REQUEST GET https://mobilesdk-pa.googleapis.com/v1/projects/1079981353454/clients/_:getWebAppConfig  
 
[debug] [2018-12-21T15:22:04.648Z] <<< HTTP RESPONSE 200
[debug] [2018-12-21T15:22:04.648Z] Starting @google-cloud/functions-emulator
[debug] [2018-12-21T15:22:04.748Z] <<< HTTP RESPONSE 200
[info] i  hosting: Serving hosting files from: dist
[info] +  hosting: Local server: http://localhost:5000
[debug] [2018-12-21T15:22:07.757Z] Parsing function triggers
[debug] [2018-12-21T15:22:08.049Z] Error while deploying to emulator: TypeError: Cannot read property 'call' of undefined
TypeError: Cannot read property 'call' of undefined
    at Promise (C:\Users\wen\AppData\Roaming\npm\node_modules\firebase-tools\node_modules\@google-cloud\functions-emulator\src\client\rest-client.js:34:42)
    at new Promise (<anonymous>)
    at getService.then (C:\Users\wen\AppData\Roaming\npm\node_modules\firebase-tools\node_modules\@google-cloud\functions-emulator\src\client\rest-client.js:33:16)
    at process._tickCallback (internal/process/next_tick.js:68:7)
[warn] !  functions: Failed to emulate helloWorld
[info] i  functions: No HTTPS functions found. Use firebase functions:shell if you would like to emulate other types of functions.
[info] Shutting down...
[debug] [2018-12-21T15:22:59.036Z] ----------------------------------------------------------------------
[debug] [2018-12-21T15:22:59.038Z] Command:       C:\bec\tools\node\node.exe C:\Users\wen\AppData\Roaming\npm\node_modules\firebase-tools\lib\bin\firebase.js serve
[debug] [2018-12-21T15:22:59.039Z] CLI Version:   6.2.0
[debug] [2018-12-21T15:22:59.039Z] Platform:      win32
[debug] [2018-12-21T15:22:59.039Z] Node Version:  v10.13.0
[debug] [2018-12-21T15:22:59.041Z] Time:          Fri Dec 21 2018 16:22:59 GMT+0100 (GMT+01:00)
[debug] [2018-12-21T15:22:59.041Z] ----------------------------------------------------------------------
[debug] 
[debug] [2018-12-21T15:22:59.058Z] > command requires scopes: ["email","openid","https://www.googleapis.com/auth/cloudplatformprojects.readonly","https://www.googleapis.com/auth/firebase","https://www.googleapis.com/auth/cloud-platform"]
[debug] [2018-12-21T15:22:59.058Z] > authorizing via signed-in user
[debug] [2018-12-21T15:22:59.058Z] [iam] checking project gameofherbs for permissions ["firebase.projects.get"]
[debug] [2018-12-21T15:22:59.060Z] >>> HTTP REQUEST POST https://cloudresourcemanager.googleapis.com/v1/projects/gameofherbs:testIamPermissions  

[debug] [2018-12-21T15:23:00.058Z] <<< HTTP RESPONSE 200
[debug] [2018-12-21T15:23:00.060Z] >>> HTTP REQUEST GET https://cloudresourcemanager.googleapis.com/v1/projects/gameofherbs  
 
[debug] [2018-12-21T15:23:01.068Z] <<< HTTP RESPONSE 200
[info] 
[info] === Serving from 'C:\Workspace\gameofherbs'...
[info] 
[info] i  functions: Preparing to emulate functions.
[debug] [2018-12-21T15:23:02.072Z] Fetching environment
[debug] [2018-12-21T15:23:02.077Z] >>> HTTP REQUEST GET https://mobilesdk-pa.googleapis.com/v1/projects/1079981353454:getServerAppConfig  
 
[debug] [2018-12-21T15:23:02.077Z] >>> HTTP REQUEST GET https://mobilesdk-pa.googleapis.com/v1/projects/1079981353454/clients/_:getWebAppConfig  
 
[debug] [2018-12-21T15:23:02.316Z] <<< HTTP RESPONSE 200
[debug] [2018-12-21T15:23:02.316Z] Starting @google-cloud/functions-emulator
[debug] [2018-12-21T15:23:02.443Z] <<< HTTP RESPONSE 200
[info] i  hosting: Serving hosting files from: dist/gameofherbs
[info] +  hosting: Local server: http://localhost:5000
[debug] [2018-12-21T15:23:04.889Z] Parsing function triggers
[debug] [2018-12-21T15:23:05.164Z] Error while deploying to emulator: TypeError: Cannot read property 'call' of undefined
TypeError: Cannot read property 'call' of undefined
    at Promise (C:\Users\wen\AppData\Roaming\npm\node_modules\firebase-tools\node_modules\@google-cloud\functions-emulator\src\client\rest-client.js:34:42)
    at new Promise (<anonymous>)
    at getService.then (C:\Users\wen\AppData\Roaming\npm\node_modules\firebase-tools\node_modules\@google-cloud\functions-emulator\src\client\rest-client.js:33:16)
    at process._tickCallback (internal/process/next_tick.js:68:7)
[warn] !  functions: Failed to emulate helloWorld
[info] i  functions: No HTTPS functions found. Use firebase functions:shell if you would like to emulate other types of functions.
[info] Shutting down...
